/lib/ld-linux.so.2
libc.so.6
_IO_stdin_used
exit
fopen
ftell
puts
stdin
printf
rewind
strlen
fseek
fwrite
fread
getline
__cxa_finalize
strcmp
__libc_start_main
free
__stack_chk_fail
GLIBC_2.1
GLIBC_2.1.3
GLIBC_2.4
GLIBC_2.0
_ITM_deregisterTMCloneTable
__gmon_start__
_ITM_registerTMCloneTable
[^_]
lumpy_cactus_fruit
important.docx.pay_up
important.docx
Decrypting encrypted file "%s". It is %ld bytes long.
ERROR decrypting "%s". Blocks written: %d, expected %d
This is a simulated ransomware. I have stolen your secret recipe and encrypted it. Pay 1 zillion dollars to us and we will give you a decryption key.
Enter Decryption Key: 
Thanks! You have entered the correct key, we will now decrypt your file...
Whatever you do, don't reverse engineer our secret encryption scheme and make a separate decryption tool! Then nobody would pay us anymore :(
Your password <%s> was incorrect. Time for some more RE...
9*2$"
GCC: (Ubuntu 9.4.0-1ubuntu1~20.04.1) 9.4.0
crtstuff.c
deregister_tm_clones
__do_global_dtors_aux
completed.7623
__do_global_dtors_aux_fini_array_entry
frame_dummy
__frame_dummy_init_array_entry
main.c
__FRAME_END__
__init_array_end
_DYNAMIC
__init_array_start
__GNU_EH_FRAME_HDR
_GLOBAL_OFFSET_TABLE_
__libc_csu_fini
decrypt
strcmp@@GLIBC_2.0
getline@@GLIBC_2.0
_ITM_deregisterTMCloneTable
__x86.get_pc_thunk.bx
printf@@GLIBC_2.0
__x86.get_pc_thunk.bp
free@@GLIBC_2.0
_edata
__stack_chk_fail@@GLIBC_2.4
rewind@@GLIBC_2.0
fseek@@GLIBC_2.0
__x86.get_pc_thunk.dx
__cxa_finalize@@GLIBC_2.1.3
fwrite@@GLIBC_2.0
fread@@GLIBC_2.0
__data_start
puts@@GLIBC_2.0
__gmon_start__
exit@@GLIBC_2.0
FIRST_PASSWORD
__dso_handle
_IO_stdin_used
strlen@@GLIBC_2.0
__libc_start_main@@GLIBC_2.0
__libc_csu_init
getinput
stdin@@GLIBC_2.0
ftell@@GLIBC_2.0
fopen@@GLIBC_2.1
_fp_hw
decrypted_filename
__bss_start
main
__stack_chk_fail_local
encrypted_filename
__TMC_END__
_ITM_registerTMCloneTable
.symtab
.strtab
.shstrtab
.interp
.note.gnu.build-id
.note.gnu.property
.note.ABI-tag
.gnu.hash
.dynsym
.dynstr
.gnu.version
.gnu.version_r
.rel.dyn
.rel.plt
.init
.plt.got
.plt.sec
.text
.fini
.rodata
.eh_frame_hdr
.eh_frame
.init_array
.fini_array
.dynamic
.data
.bss
.comment
