70 424<4
G]bfn
x544.144'4<6ow[Z@QZ@k`MDQGi
4644444444444444444444444444444444444444444444444444444444444444444444444444444444444444444444444444444444444444444444444444444444444444444444444444444444444444444444444444444444444444444444444444444444444444444444444444444444444444444444444444444444444444444444444444444444444444444444444444444444444444444444444444444444444444444444444444444444444444444444444444444444444444444444444444444444444444444444444444444444444444444444444444444444444444444444444444444444444444444444444444444444444444444444444444444444
U_<e
's%y
%@:X
70 424<4
244I
44!444C[FP
@\QYQ
@\QYQ
1Lj0
*v(]
}/r@[/
exaTa
,L1/
t:`Y
3NwJ
NW#4
$ED9
c2[3$
U0WL
61LY:=
 c'WfE
EjRW
}O\c1
u/d0!:Y
2!abf
PP!@9|b
F7#S
Y_WM3
V-kg
Pl:+
k Su
]4;;
1Wu1i
jqul!
APLsb
_4wx
R_D{7
j2]-
70 424<4
G]bne
744U>44%444C[FP
GQ@@]ZSG
[()W
(0[(
%wA1
iT	 o0
=s8f
|FIA)/*>D.
;#C#
6 z#
pAs~
BK,P
70 424<4
044&444C[FP
R[Z@`UVXQ
_T`2
40Co
]/vc
bvJAV_
a)(]
m}+,
Z(]`
2;y:
iV(?8Q
70 424<444
=544
544 444C[FP
CQVgQ@@]ZSG
70 424<4
644$4<5P[WdF[DG
454444444444444444444444444444444444444444444444444444444444444444444444444444444444444444444444444444444444444444444444444444444444444444444444444444444444444444444444444444444444444444444444444444444444444444444444444444444444444444444444444444444444444444
eef6b
0`$}
70 424<4
z544^644%4
5P[WdF[DG
W[FQ
4544444444444444444444444444444444444444444444444444444444444444444444444444444444444444444444444444444444444444444444444444444444444444444444444444444444444444444444444444444444444444444444444444444444444444444444444444444444444444444444444444444444444444444444444444444444444444444444444444
A~^h
`>>1
Aca)m]gF
{>]=
8qVU
&Wou~:
o2u(
*mfD
70 424<4
E44;444C[FP
G@MXQG
yAUC=o
.JLnW
HU>V
2+kI*#
>@r1
{12'
	"0.|}xL
u,:u6U
VN[t
<a3i
9#ez
jDc{
T0:O
n{s O
	*mO[
V\PF,.
tDad
rD]d
rDId}
BWtA
3yzE3
Y?-L
Y?C]|
Y?-L
1'_o<t
7So$
Y?-L
Y?*+
Y?5z
Y?-L
Y?-L
:13Q
$SBp
F`(N:
aEPN
aEPN
gEPN
aEPN
70 444<4
/44%4(4C[FP
P[WAYQZ@
 444444444444444444444
$J!8{
  }}
]t|h
).	:
;F7(oE
W}2"
qJ$p
$"Te
r](n
GoQEu
NNKH
)wOH
ET2[
w,O[
h-"X-
aFxQ
\DrN
70 444<4tG]bH
444u644?444kFQXG
FQXG
b*	o#	f
 nwkP
* 3'
``i=q
6^sMP
70 444<4
744(444C[FP
kFQXG
P[WAYQZ@
FQXG
PyI5q
_I,R
56 4 424<4tG]bfn
x544.144'44444444444444444ow[Z@QZ@k`MDQGi
LYXd
56 4 424<4
244I
44!4444444444444
744C[FP
@\QYQ
@\QYQ
LYXd
56 4 424<4
G]bne
744U>44%4444444444444
>44C[FP
GQ@@]ZSG
LYXd
56 4 424<4tG]b
044&4444444444444
:44C[FP
R[Z@`UVXQ
LYXd
56 4 424<444
=544
544 4444444444444
$44C[FP
CQVgQ@@]ZSG
LYXd
56 4 424<4
644$4444444444444T%44P[WdF[DG
LYXd
56 4 424<4
z544^644%4444444444444
'44P[WdF[DG
W[FQ
LYXd
56 4 424<4
E44;4444444444444C"44C[FP
G@MXQG
LYXd
56 4 444<4
/44%4444444444444
44C[FP
P[WAYQZ@
LYXd
56 4 444<4tG]bH
444u644?4444444444444J
44kFQXG
FQXGd
56 4 444<4
744(4444444444444
44C[FP
kFQXG
P[WAYQZ@
FQXGd
124444?4?4
4444
